<?xml version="1.0" encoding="UTF-8"?>
<testng-results ignored="0" total="2" passed="2" failed="0" skipped="0">
  <reporter-output>
  </reporter-output>
  <suite started-at="2024-03-05T17:31:06 GMT-08:00" name="Default suite" finished-at="2024-03-05T17:31:27 GMT-08:00" duration-ms="21423">
    <groups>
    </groups>
    <test started-at="2024-03-05T17:31:06 GMT-08:00" name="Default test" finished-at="2024-03-05T17:31:27 GMT-08:00" duration-ms="21423">
      <class name="testCases.LogoutTest">
        <test-method is-config="true" signature="setUp()[pri:0, instance:testCases.LogoutTest@1573f9fc]" started-at="2024-03-05T17:31:06 GMT-08:00" name="setUp" finished-at="2024-03-05T17:31:15 GMT-08:00" duration-ms="8950" status="PASS">
          <reporter-output>
          </reporter-output>
        </test-method> <!-- setUp -->
        <test-method signature="LogOutbuttontest()[pri:0, instance:testCases.LogoutTest@1573f9fc]" started-at="2024-03-05T17:31:15 GMT-08:00" name="LogOutbuttontest" finished-at="2024-03-05T17:31:15 GMT-08:00" duration-ms="365" status="PASS">
          <reporter-output>
          </reporter-output>
        </test-method> <!-- LogOutbuttontest -->
        <test-method is-config="true" signature="tearDown()[pri:0, instance:testCases.LogoutTest@1573f9fc]" started-at="2024-03-05T17:31:15 GMT-08:00" name="tearDown" finished-at="2024-03-05T17:31:17 GMT-08:00" duration-ms="1817" status="PASS">
          <reporter-output>
          </reporter-output>
        </test-method> <!-- tearDown -->
        <test-method is-config="true" signature="setUp()[pri:0, instance:testCases.LogoutTest@1573f9fc]" started-at="2024-03-05T17:31:17 GMT-08:00" name="setUp" finished-at="2024-03-05T17:31:25 GMT-08:00" duration-ms="8246" status="PASS">
          <reporter-output>
          </reporter-output>
        </test-method> <!-- setUp -->
        <test-method signature="LogoutButtonCheck()[pri:0, instance:testCases.LogoutTest@1573f9fc]" started-at="2024-03-05T17:31:25 GMT-08:00" name="LogoutButtonCheck" finished-at="2024-03-05T17:31:25 GMT-08:00" duration-ms="56" status="PASS">
          <reporter-output>
          </reporter-output>
        </test-method> <!-- LogoutButtonCheck -->
        <test-method is-config="true" signature="tearDown()[pri:0, instance:testCases.LogoutTest@1573f9fc]" started-at="2024-03-05T17:31:25 GMT-08:00" name="tearDown" finished-at="2024-03-05T17:31:27 GMT-08:00" duration-ms="1902" status="PASS">
          <reporter-output>
          </reporter-output>
        </test-method> <!-- tearDown -->
      </class> <!-- testCases.LogoutTest -->
    </test> <!-- Default test -->
  </suite> <!-- Default suite -->
</testng-results>
