<?xml version="1.0" encoding="UTF-8"?>
<!-- Generated by org.testng.reporters.JUnitXMLReporter -->
<testsuite ignored="0" hostname="LAPTOP-SU570FMD" failures="0" tests="5" name="Regression" time="56.226" errors="0" timestamp="2024-03-05T17:26:36 GMT-08:00">
  <testcase classname="testCases.TransferFundsTest" name="TransferResultsTest" time="0.071"/>
  <testcase classname="testCases.TransferFundsTest" name="ValidateTransferCompletion" time="0.867"/>
  <testcase classname="testCases.TransferFundsTest" name="TransferfundsTitle" time="0.007"/>
  <testcase classname="testCases.TransferFundsTest" name="EmptyAmount" time="0.739"/>
  <testcase classname="testCases.TransferFundsTest" name="TransferTest" time="0.771"/>
</testsuite> <!-- Regression -->
